<?xml version="1.0" encoding="UTF-8"?>
<!-- Generated by org.testng.reporters.JUnitReportReporter -->
<testsuite hostname="TG" failures="0" tests="1" name="CarroCompraTest" time="5.739" errors="0" timestamp="2024-07-30T10:48:28 EDT" skipped="0">
  <testcase classname="CarroCompraTest" name="login" time="5.739"/>
  <system-out/>
</testsuite> <!-- CarroCompraTest -->
